2021/06/06 14:20:29 bitflyer.go:212: connecting to wss://ws.lightstream.bitflyer.com/json-rpc
2021/06/06 14:20:31 streamdata.go:16: action=StreamIngestionData, {BTC_USD 2021-06-06T05:20:30.8601085Z 3311848 36101.43 36133.74 0.2002 0.2002 12.54159567 6.67796479 36070.62 15.07916636 15.07916636}
2021/06/06 14:20:35 streamdata.go:16: action=StreamIngestionData, {BTC_USD 2021-06-06T05:20:34.6070307Z 3311851 36095.81 36136.05 0.2002 0.524 12.34139567 7.00176479 36070.62 15.07916636 15.07916636}
2021/06/06 14:20:35 streamdata.go:16: action=StreamIngestionData, {BTC_USD 2021-06-06T05:20:35.1597163Z 3311855 36095.81 36136.05 0.2002 0.524 12.15939567 7.04596479 36070.62 15.07916636 15.07916636}
2021/06/06 14:20:38 streamdata.go:16: action=StreamIngestionData, {BTC_USD 2021-06-06T05:20:37.3466626Z 3311857 36104.19 36136.05 0.2002 0.524 11.29759567 7.04596479 36070.62 15.07916636 15.07916636}
2021/06/06 14:20:38 streamdata.go:16: action=StreamIngestionData, {BTC_USD 2021-06-06T05:20:37.9512208Z 3311861 36095.81 36136.05 0.2002 0.524 9.31539567 7.04596479 36070.62 15.07916636 15.07916636}
2021/06/06 14:20:39 streamdata.go:16: action=StreamIngestionData, {BTC_USD 2021-06-06T05:20:38.571506Z 3311867 36058.64 36136.05 1.062 0.524 8.94099567 6.96776479 36070.62 15.07916636 15.07916636}
2021/06/06 14:20:39 streamdata.go:16: action=StreamIngestionData, {BTC_USD 2021-06-06T05:20:39.1842002Z 3311876 36085.58 36112.67 0.2002 0.2002 9.42959567 6.84176479 36070.62 15.07916636 15.07916636}
2021/06/06 14:20:40 streamdata.go:16: action=StreamIngestionData, {BTC_USD 2021-06-06T05:20:39.6940947Z 3311878 36085.58 36112.67 0.2002 0.2002 12.42959567 7.04196479 36070.62 15.07916636 15.07916636}
2021/06/06 14:20:40 streamdata.go:16: action=StreamIngestionData, {BTC_USD 2021-06-06T05:20:40.2308199Z 3311882 36085.58 36112.67 0.2002 0.2002 9.53259567 7.04196479 36070.62 15.07916636 15.07916636}
2021/06/06 14:20:41 streamdata.go:16: action=StreamIngestionData, {BTC_USD 2021-06-06T05:20:41.0268635Z 3311886 36085.58 36118.09 0.2002 0.2002 12.54659567 6.99676479 36070.62 15.07916636 15.07916636}
2021/06/06 14:20:43 streamdata.go:16: action=StreamIngestionData, {BTC_USD 2021-06-06T05:20:43.1645268Z 3311889 36085.58 36112.67 0.2002 0.2002 12.54659567 7.19696479 36070.62 15.07916636 15.07916636}
2021/06/06 14:20:47 streamdata.go:16: action=StreamIngestionData, {BTC_USD 2021-06-06T05:20:46.8938324Z 3311890 36085.58 36112.67 0.2002 0.2002 12.54659567 6.67296479 36070.62 15.07916636 15.07916636}
2021/06/06 14:20:56 streamdata.go:16: action=StreamIngestionData, {BTC_USD 2021-06-06T05:20:55.4291164Z 3311893 36085.58 36112.67 0.2002 0.7242 12.54659567 7.19696479 36070.62 15.07916636 15.07916636}
2021/06/06 14:21:01 streamdata.go:16: action=StreamIngestionData, {BTC_USD 2021-06-06T05:21:01.3341895Z 3311894 36085.58 36112.67 0.2002 0.524 12.54659567 6.99676479 36070.62 15.07916636 15.07916636}
2021/06/06 14:21:03 streamdata.go:16: action=StreamIngestionData, {BTC_USD 2021-06-06T05:21:03.149846Z 3311895 36085.58 36112.67 0.2002 0.524 12.54659567 7.19696479 36070.62 15.07916636 15.07916636}
2021/06/06 14:26:10 bitflyer.go:212: connecting to wss://ws.lightstream.bitflyer.com/json-rpc
2021/06/06 14:26:12 streamdata.go:16: action=StreamIngestionData, {BTC_USD 2021-06-06T05:26:11.7442074Z 3312351 36134.62 36161.74 0.2002 0.2002 12.53959567 7.18996479 36070.62 15.07916636 15.07916636}
2021/06/06 14:26:14 streamdata.go:16: action=StreamIngestionData, {BTC_USD 2021-06-06T05:26:13.8307856Z 3312355 36140.95 36165.89 0.2002 0.524 12.53959567 7.18996479 36070.62 15.07916636 15.07916636}
2021/06/06 14:26:15 streamdata.go:16: action=StreamIngestionData, {BTC_USD 2021-06-06T05:26:14.6266466Z 3312362 36140.95 36165.89 0.2002 0.524 9.14759567 6.99996479 36070.62 15.07916636 15.07916636}
2021/06/06 14:26:15 streamdata.go:16: action=StreamIngestionData, {BTC_USD 2021-06-06T05:26:15.2749969Z 3312366 36140.96 36165.89 0.056 0.524 12.51959567 6.99996479 36070.62 15.07916636 15.07916636}
2021/06/06 14:26:18 streamdata.go:16: action=StreamIngestionData, {BTC_USD 2021-06-06T05:26:18.2596506Z 3312370 36140.96 36165.89 0.056 0.524 11.47359567 7.20196479 36070.62 15.07916636 15.07916636}
2021/06/06 14:26:24 streamdata.go:16: action=StreamIngestionData, {BTC_USD 2021-06-06T05:26:23.5594896Z 3312372 36140.96 36172.59 0.056 0.4004 12.53359567 6.67796479 36070.62 15.07916636 15.07916636}
2021/06/06 14:26:24 streamdata.go:16: action=StreamIngestionData, {BTC_USD 2021-06-06T05:26:24.1190584Z 3312376 36140.96 36172.59 0.056 0.4004 12.52959567 6.93696479 36070.62 15.07916636 15.07916636}
2021/06/06 14:33:42 bitflyer.go:212: connecting to wss://ws.lightstream.bitflyer.com/json-rpc
2021/06/06 14:33:45 streamdata.go:16: action=StreamIngestionData, {BTC_USD 2021-06-06T05:33:45.0013001Z 3312998 36139.89 36169.2 1.06 0.524 12.53959567 7.20196479 36070.62 15.07916636 15.07916636}
2021/06/06 14:33:50 streamdata.go:16: action=StreamIngestionData, {BTC_USD 2021-06-06T05:33:49.7836468Z 3312999 36139.89 36169.2 1.06 0.524 12.53959567 7.00176479 36070.62 15.07916636 15.07916636}
2021/06/06 14:33:51 streamdata.go:16: action=StreamIngestionData, {BTC_USD 2021-06-06T05:33:51.2051145Z 3313000 36139.89 36169.2 1.06 0.524 12.53959567 7.20196479 36070.62 15.07916636 15.07916636}
2021/06/06 14:34:02 streamdata.go:16: action=StreamIngestionData, {BTC_USD 2021-06-06T05:34:02.001389Z 3313002 36139.89 36170.6 1.06 0.2002 12.53959567 7.20196479 36070.62 15.07916636 15.07916636}
2021/06/06 14:34:03 streamdata.go:16: action=StreamIngestionData, {BTC_USD 2021-06-06T05:34:02.7429448Z 3313007 36139.89 36177.81 1.06 0.2002 12.53059567 6.55556479 36070.62 15.07916636 15.07916636}
2021/06/06 14:34:04 streamdata.go:16: action=StreamIngestionData, {BTC_USD 2021-06-06T05:34:03.5135977Z 3313021 36158.53 36180.95 0.2002 0.524 12.36959567 7.07796479 36070.62 15.07916636 15.07916636}
2021/06/06 14:34:04 streamdata.go:16: action=StreamIngestionData, {BTC_USD 2021-06-06T05:34:04.1532533Z 3313027 36158.53 36180.95 0.2002 0.524 9.52459567 7.13296479 36070.62 15.07916636 15.07916636}
2021/06/06 14:34:05 streamdata.go:16: action=StreamIngestionData, {BTC_USD 2021-06-06T05:34:04.7342045Z 3313029 36158.53 36180.95 0.2002 0.524 9.38259567 7.05696479 36070.62 15.07916636 15.07916636}
2021/06/06 14:34:09 streamdata.go:16: action=StreamIngestionData, {BTC_USD 2021-06-06T05:34:09.2604448Z 3313031 36158.53 36180.95 0.2002 0.524 12.38259567 6.85676479 36070.62 15.07916636 15.07916636}
2021/06/06 14:34:10 streamdata.go:16: action=StreamIngestionData, {BTC_USD 2021-06-06T05:34:09.8174654Z 3313033 36158.53 36180.95 0.2002 0.524 12.52559567 6.99676479 36070.62 15.07916636 15.07916636}
2021/06/06 14:34:11 streamdata.go:16: action=StreamIngestionData, {BTC_USD 2021-06-06T05:34:11.2089374Z 3313034 36158.53 36180.95 0.2002 0.524 12.52559567 7.19696479 36070.62 15.07916636 15.07916636}
2021/06/06 14:34:21 streamdata.go:16: action=StreamIngestionData, {BTC_USD 2021-06-06T05:34:20.374269Z 3313036 36158.53 36192.22 0.2002 0.2002 12.52559567 7.19696479 36070.62 15.07916636 15.07916636}
2021/06/06 14:34:21 streamdata.go:16: action=StreamIngestionData, {BTC_USD 2021-06-06T05:34:21.004578Z 3313038 36158.53 36192.22 0.2002 0.2002 12.37959567 7.05696479 36070.62 15.07916636 15.07916636}
2021/06/06 14:34:22 streamdata.go:16: action=StreamIngestionData, {BTC_USD 2021-06-06T05:34:22.1370102Z 3313039 36155.97 36192.22 3 0.2002 12.17939567 7.05696479 36070.62 15.07916636 15.07916636}
2021/06/06 14:34:24 streamdata.go:16: action=StreamIngestionData, {BTC_USD 2021-06-06T05:34:23.3786554Z 3313043 36160.94 36188.09 0.2002 0.2002 12.37959567 6.92496479 36070.62 15.07916636 15.07916636}
2021/06/06 14:34:24 streamdata.go:16: action=StreamIngestionData, {BTC_USD 2021-06-06T05:34:23.8685737Z 3313044 36160.94 36188.09 0.2002 0.2002 12.53459567 6.92496479 36070.62 15.07916636 15.07916636}
2021/06/06 14:34:25 streamdata.go:16: action=StreamIngestionData, {BTC_USD 2021-06-06T05:34:24.4112897Z 3313047 36160.94 36188.09 0.2002 0.2002 12.53959567 7.20196479 36070.62 15.07916636 15.07916636}
2021/06/06 14:34:32 streamdata.go:16: action=StreamIngestionData, {BTC_USD 2021-06-06T05:34:32.3900398Z 3313049 36160.94 36188.09 0.2002 0.2002 12.38859567 6.67796479 36070.62 15.07916636 15.07916636}
2021/06/06 14:34:33 streamdata.go:16: action=StreamIngestionData, {BTC_USD 2021-06-06T05:34:32.934189Z 3313052 36160.94 36197.65 0.2002 0.2002 12.53959567 7.00176479 36070.62 15.07916636 15.07916636}
2021/06/06 14:34:34 streamdata.go:16: action=StreamIngestionData, {BTC_USD 2021-06-06T05:34:33.5627626Z 3313058 36169.97 36197.65 0.2002 0.2002 12.38459567 7.06696479 36070.62 15.07916636 15.07916636}
2021/06/06 14:34:34 streamdata.go:16: action=StreamIngestionData, {BTC_USD 2021-06-06T05:34:34.2728783Z 3313059 36169.97 36197.65 0.2002 0.2002 9.38459567 7.06696479 36070.62 15.07916636 15.07916636}
2021/06/06 14:34:35 streamdata.go:16: action=StreamIngestionData, {BTC_USD 2021-06-06T05:34:34.7905429Z 3313061 36169.97 36197.65 0.2002 0.2002 9.53959567 7.16696479 36070.62 15.07916636 15.07916636}
2021/06/06 14:34:36 streamdata.go:16: action=StreamIngestionData, {BTC_USD 2021-06-06T05:34:35.4072486Z 3313062 36169.98 36197.65 3 0.2002 12.53959567 7.16696479 36070.62 15.07916636 15.07916636}
2021/06/06 14:34:38 streamdata.go:16: action=StreamIngestionData, {BTC_USD 2021-06-06T05:34:37.9156492Z 3313065 36169.98 36197.65 3 0.2002 11.33659567 7.11196479 36070.62 15.07916636 15.07916636}
2021/06/06 14:34:39 streamdata.go:16: action=StreamIngestionData, {BTC_USD 2021-06-06T05:34:38.3339247Z 3313068 36169.98 36197.65 3 0.2002 12.53959567 7.20096479 36070.62 15.07916636 15.07916636}
2021/06/06 14:34:46 streamdata.go:16: action=StreamIngestionData, {BTC_USD 2021-06-06T05:34:45.4666986Z 3313070 36169.98 36197.65 3 0.2002 12.33939567 7.72496479 36070.62 15.07916636 15.07916636}
2021/06/06 14:34:46 streamdata.go:16: action=StreamIngestionData, {BTC_USD 2021-06-06T05:34:46.2717202Z 3313075 36160.94 36197.65 0.2002 0.2002 9.53959567 7.20096479 36070.62 15.07916636 15.07916636}
2021/06/06 14:34:48 streamdata.go:16: action=StreamIngestionData, {BTC_USD 2021-06-06T05:34:47.6327471Z 3313077 36160.94 36188.09 0.2002 0.2002 9.53959567 7.20096479 36070.62 15.07916636 15.07916636}
2021/06/06 14:34:48 streamdata.go:16: action=StreamIngestionData, {BTC_USD 2021-06-06T05:34:48.2025745Z 3313078 36160.94 36188.09 0.2002 0.2002 12.53959567 7.20096479 36070.62 15.07916636 15.07916636}
2021/06/06 14:34:50 streamdata.go:16: action=StreamIngestionData, {BTC_USD 2021-06-06T05:34:49.8969717Z 3313079 36160.94 36197.65 0.2002 0.2002 12.53959567 7.00076479 36070.62 15.07916636 15.07916636}
2021/06/06 14:34:51 streamdata.go:16: action=StreamIngestionData, {BTC_USD 2021-06-06T05:34:50.8375754Z 3313083 36160.94 36197.65 0.2002 0.2002 12.37959567 6.72376479 36070.62 15.07916636 15.07916636}
2021/06/06 14:34:52 streamdata.go:16: action=StreamIngestionData, {BTC_USD 2021-06-06T05:34:51.769316Z 3313086 36160.95 36188.09 0.128 0.2002 12.50759567 7.06796479 36070.62 15.07916636 15.07916636}
2021/06/06 14:34:58 streamdata.go:16: action=StreamIngestionData, {BTC_USD 2021-06-06T05:34:57.8909551Z 3313087 36160.95 36188.09 0.128 0.2002 11.44759567 7.06796479 36070.62 15.07916636 15.07916636}
2021/06/06 14:34:58 streamdata.go:16: action=StreamIngestionData, {BTC_USD 2021-06-06T05:34:58.3989195Z 3313089 36160.95 36188.09 0.128 0.2002 12.52659567 7.06796479 36070.62 15.07916636 15.07916636}
2021/06/06 14:35:07 streamdata.go:16: action=StreamIngestionData, {BTC_USD 2021-06-06T05:35:06.8904385Z 3313092 36160.95 36188.09 0.128 0.2002 12.52759567 6.65196479 36070.62 15.07916636 15.07916636}
2021/06/06 14:35:08 streamdata.go:16: action=StreamIngestionData, {BTC_USD 2021-06-06T05:35:07.9152794Z 3313097 36170.85 36197.65 0.2002 0.2002 12.52759567 7.17596479 36070.62 15.07916636 15.07916636}
2021/06/06 14:35:09 streamdata.go:16: action=StreamIngestionData, {BTC_USD 2021-06-06T05:35:09.3270199Z 3313102 36170.86 36197.65 3 0.2002 12.37259567 6.98696479 36070.62 15.07916636 15.07916636}
2021/06/06 14:35:19 streamdata.go:16: action=StreamIngestionData, {BTC_USD 2021-06-06T05:35:18.4546171Z 3313105 36170.86 36208.86 3 0.2002 12.24459567 6.58656479 36070.62 15.07916636 15.07916636}
2021/06/06 14:35:19 streamdata.go:16: action=StreamIngestionData, {BTC_USD 2021-06-06T05:35:19.162844Z 3313106 36170.86 36208.86 3 0.2002 12.24459567 6.68056479 36070.62 15.07916636 15.07916636}
2021/06/06 14:35:20 streamdata.go:16: action=StreamIngestionData, {BTC_USD 2021-06-06T05:35:20.0012912Z 3313110 36170.87 36208.86 0.124 0.2002 12.32739567 6.80156479 36070.62 15.07916636 15.07916636}
2021/06/06 14:35:23 streamdata.go:16: action=StreamIngestionData, {BTC_USD 2021-06-06T05:35:22.9002719Z 3313118 36179.53 36208.86 0.2002 0.2002 12.38359567 6.98396479 36070.62 15.07916636 15.07916636}
2021/06/06 14:35:27 streamdata.go:16: action=StreamIngestionData, {BTC_USD 2021-06-06T05:35:27.3321427Z 3313124 36170.87 36212.12 1.183 0.2002 12.32639567 7.00076479 36070.62 15.07916636 15.07916636}
2021/06/06 14:35:28 streamdata.go:16: action=StreamIngestionData, {BTC_USD 2021-06-06T05:35:27.848891Z 3313125 36170.87 36212.12 1.183 0.2002 12.32539567 7.00076479 36070.62 15.07916636 15.07916636}
2021/06/06 14:35:29 streamdata.go:16: action=StreamIngestionData, {BTC_USD 2021-06-06T05:35:28.3395972Z 3313128 36179.55 36212.12 0.2002 0.2002 12.50659567 7.20096479 36070.62 15.07916636 15.07916636}
2021/06/06 15:47:34 bitflyer.go:212: connecting to wss://ws.lightstream.bitflyer.com/json-rpc
2021/06/06 15:47:35 streamdata.go:16: action=StreamIngestionData, {BTC_USD 2021-06-06T06:47:34.7483479Z 3323281 35934.61 35961.36 0.2002 0.513 13.04686742 7.2163089 36037.95 13.88062196 13.88062196}
2021/06/06 15:47:37 streamdata.go:16: action=StreamIngestionData, {BTC_USD 2021-06-06T06:47:36.647745Z 3323283 35934.61 35961.36 0.2002 0.513 13.04686742 7.2163089 36037.95 13.88062196 13.88062196}
2021/06/06 15:47:37 server.go:3139: http: superfluous response.WriteHeader call from main/app/controllers.APIError (webserver.go:37)
2021/06/06 15:47:38 streamdata.go:16: action=StreamIngestionData, {BTC_USD 2021-06-06T06:47:37.5943389Z 3323288 35927.67 35961.36 1.067 0.513 12.61646742 7.0803089 36037.95 13.88062196 13.88062196}
2021/06/06 15:47:39 streamdata.go:16: action=StreamIngestionData, {BTC_USD 2021-06-06T06:47:38.6666508Z 3323292 35927.67 35957.93 1.067 0.2002 12.32146742 7.0803089 36037.95 13.88062196 13.88062196}
2021/06/06 15:47:40 streamdata.go:16: action=StreamIngestionData, {BTC_USD 2021-06-06T06:47:39.4296589Z 3323301 35927.67 35961.36 1.067 0.513 12.85366742 7.0151089 36037.95 13.88062196 13.88062196}
2021/06/06 15:47:41 streamdata.go:16: action=StreamIngestionData, {BTC_USD 2021-06-06T06:47:40.7496999Z 3323303 35930.96 35957.93 0.2002 0.2002 13.05386742 7.2153089 36037.95 13.88062196 13.88062196}
2021/06/06 15:47:42 streamdata.go:16: action=StreamIngestionData, {BTC_USD 2021-06-06T06:47:41.9361878Z 3323306 35930.96 35961.36 0.2002 0.513 13.05386742 6.7941089 36037.95 13.88062196 13.88062196}
2021/06/06 15:47:43 streamdata.go:16: action=StreamIngestionData, {BTC_USD 2021-06-06T06:47:42.703386Z 3323309 35930.96 35961.36 0.2002 0.513 13.05386742 7.2163089 36037.95 13.88062196 13.88062196}
2021/06/06 15:47:50 streamdata.go:16: action=StreamIngestionData, {BTC_USD 2021-06-06T06:47:50.2367781Z 3323311 35930.96 35961.36 0.2002 0.513 13.05386742 6.8159089 36037.95 13.88062196 13.88062196}
2021/06/06 15:47:51 streamdata.go:16: action=StreamIngestionData, {BTC_USD 2021-06-06T06:47:50.7833796Z 3323314 35930.96 35961.36 0.2002 0.513 12.85366742 7.2163089 36037.95 13.88062196 13.88062196}
2021/06/06 15:47:52 streamdata.go:16: action=StreamIngestionData, {BTC_USD 2021-06-06T06:47:51.4080573Z 3323317 35942.63 35961.36 0.2002 0.513 13.05386742 7.0543089 36037.95 13.88062196 13.88062196}
2021/06/06 15:47:59 streamdata.go:16: action=StreamIngestionData, {BTC_USD 2021-06-06T06:47:58.444444Z 3323318 35942.63 35961.36 0.2002 0.513 10.05386742 7.0543089 36037.95 13.88062196 13.88062196}
2021/06/06 15:47:59 streamdata.go:16: action=StreamIngestionData, {BTC_USD 2021-06-06T06:47:59.1022948Z 3323321 35942.63 35961.36 0.2002 0.513 13.05386742 7.2133089 36037.95 13.88062196 13.88062196}
2021/06/06 15:48:11 streamdata.go:16: action=StreamIngestionData, {BTC_USD 2021-06-06T06:48:10.9892005Z 3323324 35942.63 35965.09 0.2002 0.2002 11.98686742 7.2133089 36037.95 13.88062196 13.88062196}
2021/06/06 15:57:49 bitflyer.go:212: connecting to wss://ws.lightstream.bitflyer.com/json-rpc
2021/06/06 15:57:50 streamdata.go:16: action=StreamIngestionData, {BTC_USD 2021-06-06T06:57:49.673067Z 3324497 35820.17 35863.41 0.2002 0.2002 9.70766742 7.2163089 36037.95 13.48022196 13.48022196}
2021/06/06 15:57:50 streamdata.go:16: action=StreamIngestionData, {BTC_USD 2021-06-06T06:57:50.1320816Z 3324504 35830.92 35854.41 3 0.2002 13.07386742 7.2163089 36037.95 13.48022196 13.48022196}
2021/06/06 15:57:51 streamdata.go:16: action=StreamIngestionData, {BTC_USD 2021-06-06T06:57:51.2275697Z 3324506 35820.18 35854.41 3 0.2002 13.07386742 7.2163089 36037.95 13.48022196 13.48022196}
2021/06/06 15:57:52 streamdata.go:16: action=StreamIngestionData, {BTC_USD 2021-06-06T06:57:52.0196285Z 3324508 35827.51 35854.41 0.2002 0.2002 13.07386742 7.2163089 36037.95 13.48022196 13.48022196}
2021/06/06 15:57:59 streamdata.go:16: action=StreamIngestionData, {BTC_USD 2021-06-06T06:57:58.910378Z 3324510 35827.51 35863.41 0.2002 0.2002 12.94586742 7.0161089 36037.95 13.48022196 13.48022196}
2021/06/06 15:58:00 streamdata.go:16: action=StreamIngestionData, {BTC_USD 2021-06-06T06:58:00.0244648Z 3324514 35827.51 35863.41 0.2002 0.2002 12.74566742 6.6321089 36037.95 13.48022196 13.48022196}
2021/06/06 15:58:01 streamdata.go:16: action=StreamIngestionData, {BTC_USD 2021-06-06T06:58:00.4636125Z 3324520 35833.47 35863.41 0.2002 0.2002 10.04286742 6.9853089 36037.95 13.48022196 13.48022196}
2021/06/06 15:58:09 streamdata.go:16: action=StreamIngestionData, {BTC_USD 2021-06-06T06:58:08.4231643Z 3324526 35833.48 35863.41 3 0.2002 11.99286742 6.9311089 36037.95 13.48022196 13.48022196}
2021/06/06 15:58:09 streamdata.go:16: action=StreamIngestionData, {BTC_USD 2021-06-06T06:58:09.0201025Z 3324532 35833.48 35879.87 3 0.513 13.02486742 6.3957089 36037.95 13.48022196 13.48022196}
2021/06/06 15:58:10 streamdata.go:16: action=StreamIngestionData, {BTC_USD 2021-06-06T06:58:10.0738376Z 3324538 35845.61 35889.56 0.2002 0.2002 12.93086742 6.5959089 36037.95 13.48022196 13.48022196}
2021/06/06 15:58:11 streamdata.go:16: action=StreamIngestionData, {BTC_USD 2021-06-06T06:58:10.6044288Z 3324544 35845.61 35878.79 0.2002 0.2002 10.05186742 7.1403089 36037.95 13.48022196 13.48022196}
2021/06/06 15:58:11 streamdata.go:16: action=StreamIngestionData, {BTC_USD 2021-06-06T06:58:11.2768083Z 3324547 35845.62 35878.79 3 0.2002 13.05186742 7.2153089 36037.95 13.48022196 13.48022196}
2021/06/06 15:58:12 streamdata.go:16: action=StreamIngestionData, {BTC_USD 2021-06-06T06:58:12.1355392Z 3324550 35845.62 35878.79 3 0.2002 12.77766742 7.2143089 36037.95 13.48022196 13.48022196}
2021/06/06 15:58:16 streamdata.go:16: action=StreamIngestionData, {BTC_USD 2021-06-06T06:58:16.0737821Z 3324552 35845.62 35884.18 3 0.2002 12.97786742 7.0141089 36037.95 13.48022196 13.48022196}
2021/06/06 15:58:17 streamdata.go:16: action=StreamIngestionData, {BTC_USD 2021-06-06T06:58:16.6217015Z 3324560 35857.46 35889.56 0.2002 0.2002 9.81186742 7.0141089 36037.95 13.48022196 13.48022196}
2021/06/06 15:58:18 streamdata.go:16: action=StreamIngestionData, {BTC_USD 2021-06-06T06:58:17.5761065Z 3324561 35857.47 35889.56 3 0.2002 12.81186742 7.0141089 36037.95 13.48022196 13.48022196}
2021/06/06 15:58:18 streamdata.go:16: action=StreamIngestionData, {BTC_USD 2021-06-06T06:58:18.1400941Z 3324565 35857.47 35889.56 3 0.2002 12.84066742 7.0161089 36037.95 13.48022196 13.48022196}
2021/06/06 15:58:20 streamdata.go:16: action=StreamIngestionData, {BTC_USD 2021-06-06T06:58:20.2110024Z 3324572 35865.16 35895.14 0.2002 0.2002 13.04786742 7.2163089 36037.95 13.48022196 13.48022196}
2021/06/06 15:58:25 streamdata.go:16: action=StreamIngestionData, {BTC_USD 2021-06-06T06:58:24.8238604Z 3324573 35865.16 35895.14 0.2002 0.2002 11.97886742 7.2163089 36037.95 13.48022196 13.48022196}
2021/06/06 15:58:26 streamdata.go:16: action=StreamIngestionData, {BTC_USD 2021-06-06T06:58:26.157416Z 3324575 35871.88 35895.14 0.2002 0.2002 13.24806742 7.2163089 36037.95 13.48022196 13.48022196}
2021/06/06 15:58:27 streamdata.go:16: action=StreamIngestionData, {BTC_USD 2021-06-06T06:58:26.8077805Z 3324583 35871.88 35901.49 0.2002 0.513 10.02786742 6.8701089 36037.95 13.48022196 13.48022196}
2021/06/06 16:00:15 bitflyer.go:212: connecting to wss://ws.lightstream.bitflyer.com/json-rpc
2021/06/06 16:00:16 streamdata.go:16: action=StreamIngestionData, {BTC_USD 2021-06-06T07:00:15.8624444Z 3324814 35892.66 35919.45 0.2002 0.2002 13.05886742 7.2123089 36037.95 13.48022196 13.48022196}
2021/06/06 16:00:19 streamdata.go:16: action=StreamIngestionData, {BTC_USD 2021-06-06T07:00:18.8752656Z 3324815 35892.66 35926.02 0.2002 0.513 13.05886742 7.0121089 36037.95 13.48022196 13.48022196}
2021/06/06 16:00:20 streamdata.go:16: action=StreamIngestionData, {BTC_USD 2021-06-06T07:00:19.8413586Z 3324816 35892.66 35923.05 0.2002 0.2002 13.05886742 7.2123089 36037.95 13.48022196 13.48022196}
2021/06/06 16:01:13 bitflyer.go:212: connecting to wss://ws.lightstream.bitflyer.com/json-rpc
2021/06/06 16:01:14 streamdata.go:16: action=StreamIngestionData, {BTC_USD 2021-06-06T07:01:13.6039807Z 3324958 35881.99 35916.44 0.2002 0.7132 9.83866742 7.2163089 36037.95 13.48022196 13.48022196}
2021/06/06 16:01:15 streamdata.go:16: action=StreamIngestionData, {BTC_USD 2021-06-06T07:01:14.5406831Z 3324962 35870.62 35916.44 3 0.513 12.43826742 7.0161089 36037.95 13.48022196 13.48022196}
2021/06/06 16:01:15 streamdata.go:16: action=StreamIngestionData, {BTC_USD 2021-06-06T07:01:15.0876828Z 3324969 35879.32 35906.26 0.2002 0.2002 12.70866742 7.2163089 36037.95 13.48022196 13.48022196}
2021/06/06 16:01:17 streamdata.go:16: action=StreamIngestionData, {BTC_USD 2021-06-06T07:01:16.5209704Z 3324971 35879.32 35906.26 0.2002 0.2002 9.90886742 7.2163089 36037.95 13.48022196 13.48022196}
2021/06/06 16:01:42 bitflyer.go:212: connecting to wss://ws.lightstream.bitflyer.com/json-rpc
2021/06/06 16:01:44 streamdata.go:16: action=StreamIngestionData, {BTC_USD 2021-06-06T07:01:43.6386233Z 3325004 35897.67 35924.62 0.2002 0.2002 12.81086742 6.4313089 36037.95 13.48022196 13.48022196}
2021/06/06 16:02:05 bitflyer.go:212: connecting to wss://ws.lightstream.bitflyer.com/json-rpc
2021/06/06 16:05:41 bitflyer.go:212: connecting to wss://ws.lightstream.bitflyer.com/json-rpc
2021/06/06 16:05:42 streamdata.go:16: action=StreamIngestionData, {BTC_USD 2021-06-06T07:05:41.3521488Z 3325690 35899.68 35929.27 0.2002 0.2002 16.10286741 7.0803089 36037.95 13.48022196 13.48022196}
2021/06/06 16:05:42 streamdata.go:16: action=StreamIngestionData, {BTC_USD 2021-06-06T07:05:41.8121809Z 3325694 35899.69 35929.27 0.167 0.2002 16.41586741 7.2073089 36037.95 13.48022196 13.48022196}
2021/06/06 16:05:43 streamdata.go:16: action=StreamIngestionData, {BTC_USD 2021-06-06T07:05:42.6608419Z 3325695 35899.69 35931.01 0.167 0.2002 16.41586741 7.0071089 36037.95 13.48022196 13.48022196}
2021/06/06 16:05:43 streamdata.go:16: action=StreamIngestionData, {BTC_USD 2021-06-06T07:05:43.2491775Z 3325708 35910.33 35932.73 0.2002 0.513 16.12586742 7.0793089 36037.95 13.48022196 13.48022196}
2021/06/06 16:05:44 streamdata.go:16: action=StreamIngestionData, {BTC_USD 2021-06-06T07:05:44.0466776Z 3325717 35910.33 35932.73 0.2002 0.513 16.41586741 7.0793089 36037.95 13.48022196 13.48022196}
2021/06/06 16:05:45 streamdata.go:16: action=StreamIngestionData, {BTC_USD 2021-06-06T07:05:44.8380605Z 3325718 35910.33 35932.73 0.2002 0.513 16.41586741 7.2083089 36037.95 13.48022196 13.48022196}
2021/06/06 16:05:46 streamdata.go:16: action=StreamIngestionData, {BTC_USD 2021-06-06T07:05:46.0114759Z 3325721 35910.33 35932.73 0.2002 0.513 16.33586741 7.2083089 36037.95 13.48022196 13.48022196}
2021/06/06 16:05:50 streamdata.go:16: action=StreamIngestionData, {BTC_USD 2021-06-06T07:05:49.5699824Z 3325723 35910.33 35932.73 0.2002 0.513 16.33586741 7.2083089 36037.95 13.48022196 13.48022196}
2021/06/06 16:05:52 streamdata.go:16: action=StreamIngestionData, {BTC_USD 2021-06-06T07:05:51.5221834Z 3325728 35902.18 35932.73 0.2002 0.513 13.21566741 7.2083089 36037.95 13.48022196 13.48022196}
2021/06/06 16:05:52 streamdata.go:16: action=StreamIngestionData, {BTC_USD 2021-06-06T07:05:52.2307967Z 3325739 35902.18 35932.73 0.2002 0.513 11.57246741 7.1053089 36037.95 13.48022196 13.48022196}
2021/06/06 16:05:53 streamdata.go:16: action=StreamIngestionData, {BTC_USD 2021-06-06T07:05:52.9039671Z 3325746 35902.18 35932.73 0.2002 0.513 12.47346742 7.1053089 36037.95 13.48022196 13.48022196}
2021/06/06 16:05:54 streamdata.go:16: action=StreamIngestionData, {BTC_USD 2021-06-06T07:05:53.4326372Z 3325763 35902.18 35923.83 0.2002 0.2002 11.96486741 7.1903089 36037.95 13.48022196 13.48022196}
2021/06/06 16:05:54 streamdata.go:16: action=StreamIngestionData, {BTC_USD 2021-06-06T07:05:54.0459645Z 3325770 35902.18 35923.83 0.2002 0.2002 13.29786741 7.1903089 36037.95 13.48022196 13.48022196}
2021/06/06 16:05:55 streamdata.go:16: action=StreamIngestionData, {BTC_USD 2021-06-06T07:05:54.6436295Z 3325773 35902.18 35923.83 0.2002 0.2002 16.29786741 7.1903089 36037.95 13.48022196 13.48022196}
2021/06/06 16:05:58 streamdata.go:16: action=StreamIngestionData, {BTC_USD 2021-06-06T07:05:58.1297933Z 3325775 35891.49 35925.04 0.2002 0.513 16.09766741 6.9901089 36037.95 13.48022196 13.48022196}
2021/06/06 16:06:00 streamdata.go:16: action=StreamIngestionData, {BTC_USD 2021-06-06T07:05:59.3815129Z 3325782 35896.88 35923.83 0.2002 0.2002 16.29786741 7.1893089 36037.95 13.48022196 13.48022196}
2021/06/06 16:06:02 streamdata.go:16: action=StreamIngestionData, {BTC_USD 2021-06-06T07:06:01.3066262Z 3325784 35896.88 35923.83 0.2002 0.2002 15.49786741 7.0383089 36037.95 13.48022196 13.48022196}
2021/06/06 16:06:02 streamdata.go:16: action=StreamIngestionData, {BTC_USD 2021-06-06T07:06:01.8724325Z 3325787 35896.88 35923.83 0.2002 0.2002 16.41186741 7.1353089 36037.95 13.48022196 13.48022196}
2021/06/06 16:06:05 streamdata.go:16: action=StreamIngestionData, {BTC_USD 2021-06-06T07:06:05.1802354Z 3325788 35896.88 35923.83 0.2002 0.2002 16.33186741 7.1353089 36037.95 13.48022196 13.48022196}
2021/06/06 16:06:06 streamdata.go:16: action=StreamIngestionData, {BTC_USD 2021-06-06T07:06:06.2950802Z 3325790 35896.88 35923.83 0.2002 0.2002 16.33186741 7.1353089 36037.95 13.48022196 13.48022196}
2021/06/06 16:06:10 streamdata.go:16: action=StreamIngestionData, {BTC_USD 2021-06-06T07:06:09.8319631Z 3325793 35896.88 35923.83 0.2002 0.2002 16.41186741 7.1353089 36037.95 13.48022196 13.48022196}
2021/06/06 16:06:11 streamdata.go:16: action=StreamIngestionData, {BTC_USD 2021-06-06T07:06:10.4031117Z 3325805 35896.88 35925.04 0.2002 0.513 13.41186741 6.9351089 36037.95 13.41122196 13.41122196}
2021/06/06 16:06:11 streamdata.go:16: action=StreamIngestionData, {BTC_USD 2021-06-06T07:06:10.9687718Z 3325818 35912.95 35934.6 0.2002 0.2002 16.29186741 6.8793089 36037.95 13.41122196 13.41122196}
2021/06/06 16:06:12 streamdata.go:16: action=StreamIngestionData, {BTC_USD 2021-06-06T07:06:11.5429004Z 3325828 35912.95 35934.6 0.2002 0.2002 16.29786741 6.8793089 36037.95 13.41122196 13.41122196}
2021/06/06 16:06:15 streamdata.go:16: action=StreamIngestionData, {BTC_USD 2021-06-06T07:06:14.727791Z 3325829 35912.95 35934.6 0.2002 0.2002 16.17786741 6.8793089 36037.95 13.41122196 13.41122196}
2021/06/06 16:06:16 streamdata.go:16: action=StreamIngestionData, {BTC_USD 2021-06-06T07:06:15.6000416Z 3325836 35912.95 35934.6 0.2002 0.2002 16.47886741 7.2093089 36037.95 13.41122196 13.41122196}
2021/06/06 16:06:17 streamdata.go:16: action=StreamIngestionData, {BTC_USD 2021-06-06T07:06:16.7775505Z 3325837 35912.95 35934.6 0.2002 0.2002 16.39886741 7.2093089 36037.95 13.41122196 13.41122196}
2021/06/06 16:06:18 streamdata.go:16: action=StreamIngestionData, {BTC_USD 2021-06-06T07:06:17.3030325Z 3325839 35912.95 35934.6 0.2002 0.2002 16.39886741 7.2093089 36037.95 13.41122196 13.41122196}
2021/06/06 16:06:18 streamdata.go:16: action=StreamIngestionData, {BTC_USD 2021-06-06T07:06:17.9580822Z 3325843 35912.95 35934.6 0.2002 0.2002 13.47886741 7.2093089 36037.95 13.41122196 13.41122196}
2021/06/06 16:06:20 streamdata.go:16: action=StreamIngestionData, {BTC_USD 2021-06-06T07:06:19.5720988Z 3325846 35912.95 35934.6 0.2002 0.2002 16.47886741 7.2093089 36037.95 13.41122196 13.41122196}
2021/06/06 16:06:21 streamdata.go:16: action=StreamIngestionData, {BTC_USD 2021-06-06T07:06:20.3751542Z 3325848 35902.18 35945.31 0.2002 0.2002 16.27866741 7.0091089 36037.95 13.41122196 13.41122196}
2021/06/06 16:06:21 streamdata.go:16: action=StreamIngestionData, {BTC_USD 2021-06-06T07:06:20.9493204Z 3325853 35902.18 35945.31 0.2002 0.2002 16.07066741 6.9241089 36037.95 13.41122196 13.41122196}
2021/06/06 16:06:22 streamdata.go:16: action=StreamIngestionData, {BTC_USD 2021-06-06T07:06:21.6105717Z 3325862 35902.18 35928.57 0.2002 0.2002 14.39886741 7.1243089 36037.95 13.41122196 13.41122196}
2021/06/06 16:06:24 streamdata.go:16: action=StreamIngestionData, {BTC_USD 2021-06-06T07:06:23.797919Z 3325869 35902.18 35928.57 0.2002 0.2002 16.41186741 6.6803089 36037.95 13.41122196 13.41122196}
